<?xml version="1.0" encoding="UTF-8"?>
<!-- Generated by org.testng.reporters.JUnitXMLReporter -->
<testsuite ignored="0" hostname="LAPTOP-1BU66JUJ" failures="0" tests="4" name="Default test" time="11.423" errors="0" timestamp="2023-09-16T07:31:16 IST">
  <testcase classname="api.test.TestCreationUsingProperties" name="createUser" time="5.274"/>
  <testcase classname="api.test.TestCreationUsingProperties" name="getUser" time="2.613"/>
  <testcase classname="api.test.TestCreationUsingProperties" name="updateUser" time="1.61"/>
  <testcase classname="api.test.TestCreationUsingProperties" name="deleteUser" time="1.533"/>
</testsuite> <!-- Default test -->
