<?xml version="1.0" encoding="UTF-8"?>
<!-- Generated by org.testng.reporters.JUnitXMLReporter -->
<testsuite ignored="0" hostname="LAPTOP-1BU66JUJ" failures="0" tests="4" name="Test" time="11.701" errors="0" timestamp="2023-09-15T13:40:53 IST">
  <testcase classname="api.test.TestCreation" name="createUser" time="4.919"/>
  <testcase classname="api.test.TestCreation" name="getUser" time="2.909"/>
  <testcase classname="api.test.TestCreation" name="updateUser" time="1.481"/>
  <testcase classname="api.test.TestCreation" name="deleteUser" time="1.475"/>
</testsuite> <!-- Test -->
