<?xml version="1.0" encoding="UTF-8"?>
<testng-results ignored="0" total="4" passed="4" failed="0" skipped="0">
  <reporter-output>
  </reporter-output>
  <suite started-at="2023-09-16T07:31:05 IST" name="Default suite" finished-at="2023-09-16T07:31:16 IST" duration-ms="11423">
    <groups>
    </groups>
    <test started-at="2023-09-16T07:31:05 IST" name="Default test" finished-at="2023-09-16T07:31:16 IST" duration-ms="11423">
      <class name="api.test.TestCreationUsingProperties">
        <test-method is-config="true" signature="setData()[pri:0, instance:api.test.TestCreationUsingProperties@6326d182]" started-at="2023-09-16T07:31:05 IST" name="setData" finished-at="2023-09-16T07:31:05 IST" duration-ms="298" status="PASS">
          <reporter-output>
          </reporter-output>
        </test-method> <!-- setData -->
        <test-method signature="createUser()[pri:1, instance:api.test.TestCreationUsingProperties@6326d182]" started-at="2023-09-16T07:31:05 IST" name="createUser" finished-at="2023-09-16T07:31:10 IST" duration-ms="5274" status="PASS">
          <reporter-output>
          </reporter-output>
        </test-method> <!-- createUser -->
        <test-method signature="getUser()[pri:2, instance:api.test.TestCreationUsingProperties@6326d182]" started-at="2023-09-16T07:31:11 IST" name="getUser" finished-at="2023-09-16T07:31:13 IST" duration-ms="2613" status="PASS">
          <reporter-output>
          </reporter-output>
        </test-method> <!-- getUser -->
        <test-method signature="updateUser()[pri:3, instance:api.test.TestCreationUsingProperties@6326d182]" started-at="2023-09-16T07:31:13 IST" name="updateUser" finished-at="2023-09-16T07:31:15 IST" duration-ms="1610" status="PASS">
          <reporter-output>
          </reporter-output>
        </test-method> <!-- updateUser -->
        <test-method signature="deleteUser()[pri:4, instance:api.test.TestCreationUsingProperties@6326d182]" started-at="2023-09-16T07:31:15 IST" name="deleteUser" finished-at="2023-09-16T07:31:16 IST" duration-ms="1533" status="PASS">
          <reporter-output>
          </reporter-output>
        </test-method> <!-- deleteUser -->
      </class> <!-- api.test.TestCreationUsingProperties -->
    </test> <!-- Default test -->
  </suite> <!-- Default suite -->
</testng-results>
